# JRE version: OpenJDK Runtime Environment Corretto-24.0.2.12.1 (24.0.2+12) (build 24.0.2+12-FR)
# Java VM: OpenJDK 64-Bit Server VM Corretto-24.0.2.12.1 (24.0.2+12-FR, mixed mode, sharing, tiered, compressed oops, compressed class ptrs, g1 gc, windows-amd64)
GC Precious Log:
 CardTable entry size: 512
 Card Set container configuration: InlinePtr #cards 5 size 8 Array Of Cards #cards 10 size 36 Howl #buckets 4 coarsen threshold 1843 Howl Bitmap #cards 512 size 80 coarsen threshold 460 Card regions per heap region 1 cards per card region 2048
 CPUs: 8 total, 8 available
 Memory: 8013M
 Large Page Support: Disabled
 NUMA Support: Disabled
 Compressed Oops: Enabled (32-bit)
 Heap Region Size: 1M
 Heap Min Capacity: 8M
 Heap Initial Capacity: 126M
 Heap Max Capacity: 2004M
 Pre-touch: Disabled
 Parallel Workers: 8
 Concurrent Workers: 2
 Concurrent Refinement Workers: 8
 Periodic GC: Disabled
Heap:
 garbage-first heap   total reserved 2052096K, committed 65536K, used 41069K [0x0000000082c00000, 0x0000000100000000)
  region size 1024K, 12 young (12288K), 3 survivors (3072K)
 Metaspace       used 68066K, committed 68736K, reserved 1114112K
  class space    used 7317K, committed 7616K, reserved 1048576K
GC Heap History (20 events):
Event: 26.765 GC heap before
{Heap before GC invocations=3 (full 0):
 garbage-first heap   total reserved 2052096K, committed 55296K, used 53334K [0x0000000082c00000, 0x0000000100000000)
  region size 1024K, 43 young (44032K), 5 survivors (5120K)
 Metaspace       used 25367K, committed 25664K, reserved 1114112K
  class space    used 2495K, committed 2624K, reserved 1048576K
}
Event: 26.775 GC heap after
{Heap after GC invocations=4 (full 0):
 garbage-first heap   total reserved 2052096K, committed 65536K, used 19290K [0x0000000082c00000, 0x0000000100000000)
  region size 1024K, 5 young (5120K), 5 survivors (5120K)
 Metaspace       used 25367K, committed 25664K, reserved 1114112K
  class space    used 2495K, committed 2624K, reserved 1048576K
}
Event: 27.577 GC heap before
{Heap before GC invocations=4 (full 0):
 garbage-first heap   total reserved 2052096K, committed 65536K, used 45914K [0x0000000082c00000, 0x0000000100000000)
  region size 1024K, 31 young (31744K), 5 survivors (5120K)
 Metaspace       used 29618K, committed 30016K, reserved 1114112K
  class space    used 3025K, committed 3200K, reserved 1048576K
}
Event: 27.586 GC heap after
{Heap after GC invocations=5 (full 0):
 garbage-first heap   total reserved 2052096K, committed 65536K, used 22101K [0x0000000082c00000, 0x0000000100000000)
  region size 1024K, 3 young (3072K), 3 survivors (3072K)
 Metaspace       used 29618K, committed 30016K, reserved 1114112K
  class space    used 3025K, committed 3200K, reserved 1048576K
}
Event: 28.586 GC heap before
{Heap before GC invocations=5 (full 0):
 garbage-first heap   total reserved 2052096K, committed 65536K, used 47701K [0x0000000082c00000, 0x0000000100000000)
  region size 1024K, 29 young (29696K), 3 survivors (3072K)
 Metaspace       used 33933K, committed 34368K, reserved 1114112K
  class space    used 3434K, committed 3648K, reserved 1048576K
}
Event: 28.592 GC heap after
{Heap after GC invocations=6 (full 0):
 garbage-first heap   total reserved 2052096K, committed 65536K, used 24186K [0x0000000082c00000, 0x0000000100000000)
  region size 1024K, 3 young (3072K), 3 survivors (3072K)
 Metaspace       used 33933K, committed 34368K, reserved 1114112K
  class space    used 3434K, committed 3648K, reserved 1048576K
}
Event: 28.862 GC heap before
{Heap before GC invocations=6 (full 0):
 garbage-first heap   total reserved 2052096K, committed 65536K, used 30330K [0x0000000082c00000, 0x0000000100000000)
  region size 1024K, 10 young (10240K), 3 survivors (3072K)
 Metaspace       used 35681K, committed 36096K, reserved 1114112K
  class space    used 3609K, committed 3776K, reserved 1048576K
}
Event: 28.866 GC heap after
{Heap after GC invocations=7 (full 0):
 garbage-first heap   total reserved 2052096K, committed 65536K, used 24437K [0x0000000082c00000, 0x0000000100000000)
  region size 1024K, 3 young (3072K), 3 survivors (3072K)
 Metaspace       used 35681K, committed 36096K, reserved 1114112K
  class space    used 3609K, committed 3776K, reserved 1048576K
}
Event: 29.909 GC heap before
{Heap before GC invocations=8 (full 0):
 garbage-first heap   total reserved 2052096K, committed 65536K, used 51061K [0x0000000082c00000, 0x0000000100000000)
  region size 1024K, 30 young (30720K), 3 survivors (3072K)
 Metaspace       used 43004K, committed 43456K, reserved 1114112K
  class space    used 4514K, committed 4736K, reserved 1048576K
}
Event: 29.914 GC heap after
{Heap after GC invocations=9 (full 0):
 garbage-first heap   total reserved 2052096K, committed 65536K, used 26502K [0x0000000082c00000, 0x0000000100000000)
  region size 1024K, 3 young (3072K), 3 survivors (3072K)
 Metaspace       used 43004K, committed 43456K, reserved 1114112K
  class space    used 4514K, committed 4736K, reserved 1048576K
}
Event: 31.066 GC heap before
{Heap before GC invocations=9 (full 0):
 garbage-first heap   total reserved 2052096K, committed 65536K, used 53126K [0x0000000082c00000, 0x0000000100000000)
  region size 1024K, 30 young (30720K), 3 survivors (3072K)
 Metaspace       used 50426K, committed 50880K, reserved 1114112K
  class space    used 5238K, committed 5440K, reserved 1048576K
}
Event: 31.072 GC heap after
{Heap after GC invocations=10 (full 0):
 garbage-first heap   total reserved 2052096K, committed 65536K, used 28500K [0x0000000082c00000, 0x0000000100000000)
  region size 1024K, 4 young (4096K), 4 survivors (4096K)
 Metaspace       used 50426K, committed 50880K, reserved 1114112K
  class space    used 5238K, committed 5440K, reserved 1048576K
}
Event: 31.986 GC heap before
{Heap before GC invocations=10 (full 0):
 garbage-first heap   total reserved 2052096K, committed 65536K, used 55124K [0x0000000082c00000, 0x0000000100000000)
  region size 1024K, 31 young (31744K), 4 survivors (4096K)
 Metaspace       used 58759K, committed 59328K, reserved 1114112K
  class space    used 6252K, committed 6528K, reserved 1048576K
}
Event: 31.993 GC heap after
{Heap after GC invocations=11 (full 0):
 garbage-first heap   total reserved 2052096K, committed 65536K, used 30085K [0x0000000082c00000, 0x0000000100000000)
  region size 1024K, 4 young (4096K), 4 survivors (4096K)
 Metaspace       used 58759K, committed 59328K, reserved 1114112K
  class space    used 6252K, committed 6528K, reserved 1048576K
}
Event: 33.007 GC heap before
{Heap before GC invocations=11 (full 0):
 garbage-first heap   total reserved 2052096K, committed 65536K, used 39301K [0x0000000082c00000, 0x0000000100000000)
  region size 1024K, 15 young (15360K), 4 survivors (4096K)
 Metaspace       used 60059K, committed 60608K, reserved 1114112K
  class space    used 6385K, committed 6656K, reserved 1048576K
}
Event: 33.011 GC heap after
{Heap after GC invocations=12 (full 0):
 garbage-first heap   total reserved 2052096K, committed 65536K, used 30222K [0x0000000082c00000, 0x0000000100000000)
  region size 1024K, 2 young (2048K), 2 survivors (2048K)
 Metaspace       used 60059K, committed 60608K, reserved 1114112K
  class space    used 6385K, committed 6656K, reserved 1048576K
}
Event: 38.364 GC heap before
{Heap before GC invocations=13 (full 0):
 garbage-first heap   total reserved 2052096K, committed 65536K, used 58894K [0x0000000082c00000, 0x0000000100000000)
  region size 1024K, 30 young (30720K), 2 survivors (2048K)
 Metaspace       used 64518K, committed 65088K, reserved 1114112K
  class space    used 6932K, committed 7168K, reserved 1048576K
}
Event: 38.370 GC heap after
{Heap after GC invocations=14 (full 0):
 garbage-first heap   total reserved 2052096K, committed 65536K, used 32503K [0x0000000082c00000, 0x0000000100000000)
  region size 1024K, 4 young (4096K), 4 survivors (4096K)
 Metaspace       used 64518K, committed 65088K, reserved 1114112K
  class space    used 6932K, committed 7168K, reserved 1048576K
}
Event: 39.104 GC heap before
{Heap before GC invocations=14 (full 0):
 garbage-first heap   total reserved 2052096K, committed 65536K, used 56055K [0x0000000082c00000, 0x0000000100000000)
  region size 1024K, 28 young (28672K), 4 survivors (4096K)
 Metaspace       used 67043K, committed 67712K, reserved 1114112K
  class space    used 7195K, committed 7488K, reserved 1048576K
}
Event: 39.112 GC heap after
{Heap after GC invocations=15 (full 0):
 garbage-first heap   total reserved 2052096K, committed 65536K, used 33901K [0x0000000082c00000, 0x0000000100000000)
  region size 1024K, 3 young (3072K), 3 survivors (3072K)
 Metaspace       used 67043K, committed 67712K, reserved 1114112K
  class space    used 7195K, committed 7488K, reserved 1048576K
}

